<?xml version="1.0" encoding="UTF-8"?>
<!-- Generated by org.testng.reporters.JUnitReportReporter -->
<testsuite hostname="AG300617-5" name="RecruiterLogin.calling" tests="1" failures="0" timestamp="29 Aug 2017 11:33:33 GMT" time="56.147" errors="0">
  <testcase name="g" time="56.147" classname="RecruiterLogin.calling"/>
</testsuite> <!-- RecruiterLogin.calling -->
